Removed Pin From Net: NetName=NetDD2_26 Pin=R9-1
Removed Pin From Net: NetName=GND Pin=R9-2
Removed Pin From Net: NetName=NetDD2_1 Pin=R10-1
Removed Pin From Net: NetName=+3V_INT Pin=R10-2
Removed Pin From Net: NetName=NetDD2_7 Pin=R11-1
Removed Pin From Net: NetName=+3V_INT Pin=R11-2
Removed Pin From Net: NetName=+3V_INT Pin=R12-2
Removed Pin From Net: NetName=NetDD2_26 Pin=XS2-1
Removed Pin From Net: NetName=GND Pin=XS2-2
Removed Pin From Net: NetName=NetDD2_32 Pin=XS2-3
Removed Pin From Net: NetName=+3V_INT Pin=XS2-4
Removed Pin From Net: NetName=NetDD2_7 Pin=XS2-5
Removed Pin From Net: NetName=NetDD2_1 Pin=XS2-9
Removed Pin From Net: NetName=GND Pin=XS2-10
Removed Member From Class: ClassName=main Member=R9
Removed Member From Class: ClassName=main Member=R10
Removed Member From Class: ClassName=main Member=R11
Removed Member From Class: ClassName=main Member=R12
Change Component Footprint: Designator=XS2 Old Footprint=IDC-10MR New Footprint=PLS-04
Change Component Comment : Designator=XS2 Old Comment=Con10_IDC-10MR_ALTERA_JTAG New Comment=PLS-4
Change component parameters: Designator = "XS2"; Footprint = "PLS-04"; UniqueID = "\RBXSHMGM"
Change component parameters. Clean all parameters for all variants
Change component parameters (AddParameter): Name = "ComponentLink1Description"; Value = "Datasheet"; VariantName = "[No Variations]"
Change component parameters (AddParameter): Name = "ComponentLink1URL"; Value = "http://www.promelec.ru/catalog/406/1218/1224/1/24233/"; VariantName = "[No Variations]"
Change component parameters (AddParameter): Name = "ComponentLink2Description"; Value = "Datasheet-local"; VariantName = "[No Variations]"
Change component parameters (AddParameter): Name = "ComponentLink2URL"; Value = ""; VariantName = "[No Variations]"
Change component parameters (AddParameter): Name = "Manufacturer"; Value = ""; VariantName = "[No Variations]"
Change component parameters (AddParameter): Name = "ManufacturerPartNumber"; Value = "PLS-4"; VariantName = "[No Variations]"
Change component parameters (AddParameter): Name = "Note"; Value = ""; VariantName = "[No Variations]"
Change component parameters (AddParameter): Name = "Package"; Value = ""; VariantName = "[No Variations]"
Change component parameters (AddParameter): Name = "Price"; Value = "1"; VariantName = "[No Variations]"
Change component parameters (AddParameter): Name = "Supplier"; Value = ""; VariantName = "[No Variations]"
Added Pin To Net: NetName=NetDD2_1 Pin=XS2-1
Added Pin To Net: NetName=NetDD2_7 Pin=XS2-2
Added Pin To Net: NetName=NetDD2_26 Pin=XS2-3
Added Pin To Net: NetName=NetDD2_32 Pin=XS2-4
