Change Component Designator: Old Designator=C? New Designator=C1
Change Component Designator: Old Designator=C? New Designator=C2
Change Component Designator: Old Designator=C? New Designator=C3
Change Component Designator: Old Designator=C? New Designator=C4
Change Component Designator: Old Designator=C? New Designator=C5
Change Component Designator: Old Designator=C? New Designator=C6
Change Component Designator: Old Designator=C? New Designator=C7
Change Component Designator: Old Designator=DA? New Designator=DA1
Change Component Designator: Old Designator=DA? New Designator=DA2
Change Component Designator: Old Designator=DD? New Designator=DD2
Change Component Designator: Old Designator=DD? New Designator=DD2
Change Component Designator: Old Designator=DD? New Designator=DD2
Change Component Designator: Old Designator=DD? New Designator=DD2
Change Component Designator: Old Designator=DD? New Designator=DD1
Change Component Designator: Old Designator=DD? New Designator=DD3
Change Component Designator: Old Designator=DD? New Designator=DD4
Change Component Designator: Old Designator=DD? New Designator=DD5
Change Component Designator: Old Designator=HL? New Designator=HL1
Change Component Designator: Old Designator=HL? New Designator=HL2
Change Component Designator: Old Designator=HL? New Designator=HL3
Change Component Designator: Old Designator=L? New Designator=L1
Change Component Designator: Old Designator=L? New Designator=L2
Change Component Designator: Old Designator=R? New Designator=R1
Change Component Designator: Old Designator=R? New Designator=R2
Change Component Designator: Old Designator=R? New Designator=R3
Change Component Designator: Old Designator=R? New Designator=R4
Change Component Designator: Old Designator=R? New Designator=R5
Change Component Designator: Old Designator=R? New Designator=R6
Change Component Designator: Old Designator=R? New Designator=R7
Change Component Designator: Old Designator=R? New Designator=R8
Change Component Designator: Old Designator=R? New Designator=R9
Change Component Designator: Old Designator=R? New Designator=R10
Change Component Designator: Old Designator=R? New Designator=R11
Change Component Designator: Old Designator=R? New Designator=R12
Change Component Designator: Old Designator=R? New Designator=R13
Change Component Designator: Old Designator=R? New Designator=R14
Change Component Designator: Old Designator=R? New Designator=R15
Change Component Designator: Old Designator=XS? New Designator=XS1
Change Component Designator: Old Designator=XS? New Designator=XS2
Change Component Designator: Old Designator=XS? New Designator=XS3
